2018-11-3 09:45:12:查询:undefined
2018-11-3 09:45:44:查询:红塔山
2018-11-3 09:45:46:查询:红塔山
2018-11-3 09:46:33:查询:红塔山
2018-11-3 09:47:22:查询:1
2018-11-3 09:48:47:查询:1
2018-11-3 09:48:48:查询:1
2018-11-3 09:50:31:查询:1
2018-11-3 09:51:34:查询:1
2018-11-3 09:51:34:查询:1
2018-11-3 09:51:40:查询:1
2018-11-3 09:52:18:查询:1
2018-11-3 09:52:46:查询:1
2018-11-3 09:54:52:查询:1
2018-11-3 09:56:36:查询:1
2018-11-3 09:57:05:查询:1
2018-11-3 10:07:45:查询:1
2018-11-3 10:08:04:查询:1
2018-11-3 10:08:08:查询:1
2018-11-3 10:08:11:查询:2
2018-11-3 10:10:23:查询:2
2018-11-3 10:10:49:查询:2
2018-11-3 10:10:53:查询:2
2018-11-3 10:11:10:查询:2
2018-11-3 10:11:49:查询:2
2018-11-3 10:12:06:查询:12321332231213ss
2018-11-3 10:13:14:查询:12321332231213ss
2018-11-3 10:19:22:查询:12321332231213ss
2018-11-3 10:19:37:查询:12321332231213ss
2018-11-3 10:19:42:查询:12321332231213ss
2018-11-3 10:19:52:查询:1
2018-11-3 10:20:07:查询:1
2018-11-3 10:20:09:查询:1
2018-11-3 10:20:44:查询:1
2018-11-3 10:20:52:查询:1
2018-11-3 10:20:54:查询:1
2018-11-3 10:21:44:查询:天下
2018-11-3 10:21:48:查询:2
2018-11-3 10:22:18:查询:2
2018-11-3 10:22:20:查询:2
2018-11-3 10:22:23:查询:4
2018-11-3 10:23:26:查询:4
2018-11-3 10:23:31:查询:4
2018-11-3 10:23:33:查询:4
2018-11-3 10:23:38:查询:4
2018-11-3 10:24:13:查询:4
2018-11-3 10:24:17:查询:4
2018-11-3 10:24:20:查询:4
2018-11-3 10:26:41:查询:4
2018-11-3 10:27:24:查询:4
2018-11-3 10:28:03:查询:4
2018-11-3 10:28:33:查询:4
2018-11-3 10:28:51:查询:4
2018-11-3 10:29:15:查询:4
2018-11-3 10:29:16:查询:4
2018-11-3 10:29:20:查询:4
2018-11-3 10:30:18:查询:12312321123
2018-11-3 10:30:23:查询:1
2018-11-3 10:31:06:查询:1
2018-11-3 10:31:17:查询:红塔山
2018-11-3 10:31:48:查询:红塔山
2018-11-3 10:32:05:查询:红塔山
2018-11-3 10:32:07:查询:红塔山
2018-11-3 10:32:26:查询:我爱你
2018-11-3 10:35:33:查询:天下
2018-11-3 10:35:36:查询:天下
2018-11-3 10:35:49:查询:天下
2018-11-3 10:35:51:查询:天下
2018-11-3 10:35:53:查询:天下
2018-11-3 10:37:42:查询:天下
